[2023-10-06T18:08:02.360] [INFO] STARTUP - Server started
[2023-10-06T18:08:36.603] [INFO] STARTUP - Server started
[2023-10-06T18:09:33.350] [INFO] LOAD_PRESENTATION - 6512eb52fd84a5a372e33c42 loaded presentation 6512f354198b0a18dc74df62
[2023-10-06T18:09:41.510] [ERROR] ERROR - [ConvertImage] Error: Input buffer contains unsupported image format
[2023-10-06T18:10:00.487] [INFO] LOAD_PRESENTATION - 6512eb52fd84a5a372e33c42 loaded presentation 6512f354198b0a18dc74df62
[2023-10-06T18:13:00.053] [INFO] LOAD_PRESENTATION - 6512eb52fd84a5a372e33c42 loaded presentation 6512f354198b0a18dc74df62
[2023-10-06T18:32:55.794] [INFO] LOAD_PRESENTATION - 6512eb52fd84a5a372e33c42 loaded presentation 6512f354198b0a18dc74df62
[2023-10-06T18:33:54.891] [INFO] CONVERT_IMAGE - 6512eb52fd84a5a372e33c42 converted an image in presentation 6512f354198b0a18dc74df62
[2023-10-06T18:33:57.193] [INFO] SAVE_PRESENTATION - 6512eb52fd84a5a372e33c42 saved presentation 6512f354198b0a18dc74df62
[2023-10-06T18:34:02.938] [INFO] CONVERT_IMAGE - 6512eb52fd84a5a372e33c42 converted an image in presentation 6512f354198b0a18dc74df62
[2023-10-06T18:34:12.549] [INFO] CONVERT_IMAGE - 6512eb52fd84a5a372e33c42 converted an image in presentation 6512f354198b0a18dc74df62
[2023-10-06T18:34:25.211] [INFO] CONVERT_IMAGE - 6512eb52fd84a5a372e33c42 converted an image in presentation 6512f354198b0a18dc74df62
[2023-10-06T18:34:34.159] [INFO] CONVERT_IMAGE - 6512eb52fd84a5a372e33c42 converted an image in presentation 6512f354198b0a18dc74df62
[2023-10-06T18:34:42.365] [INFO] CONVERT_IMAGE - 6512eb52fd84a5a372e33c42 converted an image in presentation 6512f354198b0a18dc74df62
[2023-10-06T18:34:56.167] [INFO] CONVERT_IMAGE - 6512eb52fd84a5a372e33c42 converted an image in presentation 6512f354198b0a18dc74df62
[2023-10-06T18:34:58.836] [INFO] SAVE_PRESENTATION - 6512eb52fd84a5a372e33c42 saved presentation 6512f354198b0a18dc74df62
[2023-10-06T18:35:59.503] [INFO] SAVE_PRESENTATION - 6512eb52fd84a5a372e33c42 saved presentation 6512f354198b0a18dc74df62
[2023-10-06T18:37:08.574] [ERROR] ERROR - [ConvertImage] Error: Input buffer contains unsupported image format
[2023-10-06T18:40:43.207] [INFO] CONVERT_IMAGE - 6512eb52fd84a5a372e33c42 converted an image in presentation 6512f354198b0a18dc74df62
[2023-10-06T18:41:00.938] [INFO] SAVE_PRESENTATION - 6512eb52fd84a5a372e33c42 saved presentation 6512f354198b0a18dc74df62
[2023-10-06T18:41:02.002] [INFO] CONVERT_IMAGE - 6512eb52fd84a5a372e33c42 converted an image in presentation 6512f354198b0a18dc74df62
[2023-10-06T18:41:16.002] [INFO] CONVERT_IMAGE - 6512eb52fd84a5a372e33c42 converted an image in presentation 6512f354198b0a18dc74df62
[2023-10-06T18:41:27.159] [INFO] CONVERT_IMAGE - 6512eb52fd84a5a372e33c42 converted an image in presentation 6512f354198b0a18dc74df62
[2023-10-06T18:41:35.899] [INFO] CONVERT_IMAGE - 6512eb52fd84a5a372e33c42 converted an image in presentation 6512f354198b0a18dc74df62
[2023-10-06T18:41:51.931] [INFO] CONVERT_IMAGE - 6512eb52fd84a5a372e33c42 converted an image in presentation 6512f354198b0a18dc74df62
[2023-10-06T18:42:03.869] [INFO] SAVE_PRESENTATION - 6512eb52fd84a5a372e33c42 saved presentation 6512f354198b0a18dc74df62
[2023-10-06T18:42:06.696] [INFO] CONVERT_IMAGE - 6512eb52fd84a5a372e33c42 converted an image in presentation 6512f354198b0a18dc74df62
[2023-10-06T18:42:17.679] [INFO] CONVERT_IMAGE - 6512eb52fd84a5a372e33c42 converted an image in presentation 6512f354198b0a18dc74df62
[2023-10-06T18:43:01.008] [INFO] SAVE_PRESENTATION - 6512eb52fd84a5a372e33c42 saved presentation 6512f354198b0a18dc74df62
[2023-10-06T19:04:36.741] [INFO] STARTUP - Server started
[2023-10-06T19:05:03.436] [INFO] LOAD_USER - 6512eb52fd84a5a372e33c42 loaded their data
[2023-10-06T19:06:51.547] [INFO] SAVE_PRESENTATION - 6512eb52fd84a5a372e33c42 saved presentation 6512f354198b0a18dc74df62
[2023-10-06T19:07:08.307] [INFO] SAVE_PRESENTATION - 6512eb52fd84a5a372e33c42 saved presentation 6512f354198b0a18dc74df62
[2023-10-06T19:07:18.408] [INFO] SAVE_PRESENTATION - 6512eb52fd84a5a372e33c42 saved presentation 6512f354198b0a18dc74df62
[2023-10-06T19:07:21.168] [INFO] LOAD_PRESENTATION - 6512eb52fd84a5a372e33c42 loaded presentation 6512f354198b0a18dc74df62
[2023-10-06T19:08:21.441] [INFO] SAVE_PRESENTATION - 6512eb52fd84a5a372e33c42 saved presentation 6512f354198b0a18dc74df62
[2023-10-06T19:09:03.609] [INFO] CONVERT_IMAGE - 6512eb52fd84a5a372e33c42 converted an image in presentation 6512f354198b0a18dc74df62
[2023-10-06T19:09:21.430] [INFO] SAVE_PRESENTATION - 6512eb52fd84a5a372e33c42 saved presentation 6512f354198b0a18dc74df62
[2023-10-06T19:09:24.122] [INFO] LOAD_PRESENTATION - 6512eb52fd84a5a372e33c42 loaded presentation 6512f354198b0a18dc74df62
[2023-10-06T19:10:04.843] [INFO] LOAD_USER - 6512eb52fd84a5a372e33c42 loaded their data
